<?xml version="1.0" encoding="UTF-8"?>
<testsuite name="by.innowise.course.service.impl.UserServiceImplTest" tests="16" skipped="0" failures="0" errors="0" timestamp="2026-05-24T05:47:36.996Z" hostname="DESKTOP-9JA1CS0" time="0.205">
  <properties/>
  <testcase name="shouldThrowWhenUserNotFoundInUpdate()" classname="by.innowise.course.service.impl.UserServiceImplTest" time="0.101"/>
  <testcase name="shouldThrowWhenUserNotFoundInDeactivate()" classname="by.innowise.course.service.impl.UserServiceImplTest" time="0.005"/>
  <testcase name="shouldThrowWhenEmailExists()" classname="by.innowise.course.service.impl.UserServiceImplTest" time="0.005"/>
  <testcase name="shouldDeactivateUser()" classname="by.innowise.course.service.impl.UserServiceImplTest" time="0.005"/>
  <testcase name="shouldReadUsersWithoutCards()" classname="by.innowise.course.service.impl.UserServiceImplTest" time="0.005"/>
  <testcase name="shouldCreateUser()" classname="by.innowise.course.service.impl.UserServiceImplTest" time="0.005"/>
  <testcase name="shouldDeleteUser()" classname="by.innowise.course.service.impl.UserServiceImplTest" time="0.006"/>
  <testcase name="shouldUpdateUserWithoutEmailConflict()" classname="by.innowise.course.service.impl.UserServiceImplTest" time="0.005"/>
  <testcase name="shouldActivateUser()" classname="by.innowise.course.service.impl.UserServiceImplTest" time="0.005"/>
  <testcase name="shouldReadAllUsersWithSpecification()" classname="by.innowise.course.service.impl.UserServiceImplTest" time="0.015"/>
  <testcase name="shouldReadActiveUsers()" classname="by.innowise.course.service.impl.UserServiceImplTest" time="0.005"/>
  <testcase name="shouldThrowWhenUserNotFound()" classname="by.innowise.course.service.impl.UserServiceImplTest" time="0.005"/>
  <testcase name="shouldReturnUserById()" classname="by.innowise.course.service.impl.UserServiceImplTest" time="0.005"/>
  <testcase name="shouldThrowWhenEmailChangedAndAlreadyExists()" classname="by.innowise.course.service.impl.UserServiceImplTest" time="0.005"/>
  <testcase name="shouldThrowWhenUserNotFoundInActivate()" classname="by.innowise.course.service.impl.UserServiceImplTest" time="0.004"/>
  <testcase name="shouldThrowWhenUserNotFoundInDelete()" classname="by.innowise.course.service.impl.UserServiceImplTest" time="0.005"/>
  <system-out><![CDATA[]]></system-out>
  <system-err><![CDATA[]]></system-err>
</testsuite>
